<?xml version="1.0" encoding="UTF-8"?>
<testsuite xmlns:xsi="http://www.w3.org/2001/XMLSchema-instance" xsi:noNamespaceSchemaLocation="https://maven.apache.org/surefire/maven-surefire-plugin/xsd/surefire-test-report-3.0.xsd" version="3.0" name="com.udacity.catpoint.service.SecurityServiceTest" time="0.735" tests="17" errors="0" skipped="0" failures="0">
  <properties>
[...]
</properties>
  <testcase name="ifAlarmIsActive_thenDeactivatingSensorDoesNotClearAlarm" classname="com.udacity.catpoint.service.SecurityServiceTest" time="0.549"/>
  <testcase name="ifCatNotDetectedAndSensorsInactive_thenAlarmSetToNoAlarm" classname="com.udacity.catpoint.service.SecurityServiceTest" time="0.004"/>
  <testcase name="ifAlarmIsActive_thenActivatingSensorDoesNotChangeAlarmState" classname="com.udacity.catpoint.service.SecurityServiceTest" time="0.003"/>
  <testcase name="ifSensorDeactivatedWhileAlreadyInactive_thenNoAlarmStateChange" classname="com.udacity.catpoint.service.SecurityServiceTest" time="0.002"/>
  <testcase name="ifSystemIsArmed_thenSensorsBecomeInactive" classname="com.udacity.catpoint.service.SecurityServiceTest" time="0.003"/>
  <testcase name="addSensor_addsSensorToRepository" classname="com.udacity.catpoint.service.SecurityServiceTest" time="0.001"/>
  <testcase name="ifSensorActivatedWhileDisarmed_thenAlarmRemainsNoAlarm" classname="com.udacity.catpoint.service.SecurityServiceTest" time="0.001"/>
  <testcase name="removeSensor_removesSensorFromRepository" classname="com.udacity.catpoint.service.SecurityServiceTest" time="0.001"/>
  <testcase name="ifSystemIsDisarmed_thenAlarmStateIsNoAlarm" classname="com.udacity.catpoint.service.SecurityServiceTest" time="0.001"/>
  <testcase name="ifAlarmStatusChanges_thenListenersNotified" classname="com.udacity.catpoint.service.SecurityServiceTest" time="0.002"/>
  <testcase name="ifCatDetected_thenListenerNotifiedOfCatDetection" classname="com.udacity.catpoint.service.SecurityServiceTest" time="0.075"/>
  <testcase name="ifCatDetectedAndArmedHome_processImageSetsAlarm" classname="com.udacity.catpoint.service.SecurityServiceTest" time="0.003"/>
  <testcase name="ifAlarmIsArmed_andSensorActivated_thenStateIsPendingAlarm(ArmingStatus)[1]" classname="com.udacity.catpoint.service.SecurityServiceTest" time="0.022"/>
  <testcase name="ifAlarmIsArmed_andSensorActivated_thenStateIsPendingAlarm(ArmingStatus)[2]" classname="com.udacity.catpoint.service.SecurityServiceTest" time="0.002"/>
  <testcase name="ifAlarmIsPendingAndSensorActivatedAgain_thenStateIsAlarm" classname="com.udacity.catpoint.service.SecurityServiceTest" time="0.001"/>
  <testcase name="ifCatDetectedAndSystemArmed_thenAlarmSetToAlarm" classname="com.udacity.catpoint.service.SecurityServiceTest" time="0.003"/>
  <testcase name="ifPendingAlarmAndAllSensorsInactive_thenReturnToNoAlarmState" classname="com.udacity.catpoint.service.SecurityServiceTest" time="0.001"/>
</testsuite>